<?xml version="1.0" encoding="UTF-8"?>
<!-- Generated by org.testng.reporters.JUnitXMLReporter -->
<testsuite hostname="Tanmoys-Mac-mini.local" name="Test" tests="3" failures="1" timestamp="27 Jul 2016 08:46:18 GMT" time="25.065" errors="0">
  <testcase name="page1" time="0.015" classname="AllPages.LoginPage"/>
  <testcase name="Exit1" time="0.025" classname="Bassclass.Setup">
    <failure type="java.lang.NullPointerException">
      <![CDATA[java.lang.NullPointerException
	at Bassclass.Setup.Exit1(Setup.java:49)
... Removed 24 stack frames]]>
    </failure>
  </testcase> <!-- Exit1 -->
  <testcase name="LoginREgistration" time="24.984" classname="Bassclass.Setup"/>
</testsuite> <!-- Test -->
