<?xml version="1.0" encoding="UTF-8"?>
<!-- Generated by org.testng.reporters.JUnitXMLReporter -->
<testsuite hostname="Tanmoys-Mac-mini.local" name="Test(failed)" tests="1" failures="1" timestamp="27 Jul 2016 08:40:14 GMT" time="0.06" errors="0">
  <testcase name="Exit" time="0.034" classname="Bassclass.Setup">
    <failure type="java.lang.NullPointerException">
      <![CDATA[java.lang.NullPointerException
	at Bassclass.Setup.Exit(Setup.java:49)
... Removed 24 stack frames]]>
    </failure>
  </testcase> <!-- Exit -->
</testsuite> <!-- Test(failed) -->
