<?xml version="1.0" encoding="UTF-8"?>
<testng-results skipped="0" failed="0" total="2" passed="2">
  <reporter-output>
  </reporter-output>
  <suite name="Suite" duration-ms="31933" started-at="2016-07-27T09:22:45Z" finished-at="2016-07-27T09:23:17Z">
    <groups>
    </groups>
    <test name="Test" duration-ms="31933" started-at="2016-07-27T09:22:45Z" finished-at="2016-07-27T09:23:17Z">
      <class name="AllPages.LoginPage">
        <test-method status="PASS" signature="page1()[pri:0, instance:AllPages.LoginPage@6d4b1c02]" name="page1" duration-ms="12" started-at="2016-07-27T14:52:45Z" finished-at="2016-07-27T14:52:45Z">
          <reporter-output>
          </reporter-output>
        </test-method> <!-- page1 -->
      </class> <!-- AllPages.LoginPage -->
      <class name="Bassclass.Setup">
        <test-method status="PASS" signature="LoginREgistration()[pri:0, instance:Bassclass.Setup@6093dd95]" name="LoginREgistration" duration-ms="26684" started-at="2016-07-27T14:52:45Z" finished-at="2016-07-27T14:53:12Z">
          <reporter-output>
          </reporter-output>
        </test-method> <!-- LoginREgistration -->
        <test-method status="PASS" signature="Exit()[pri:0, instance:Bassclass.Setup@6093dd95]" name="Exit" is-config="true" duration-ms="5194" started-at="2016-07-27T14:53:12Z" finished-at="2016-07-27T14:53:17Z">
          <reporter-output>
          </reporter-output>
        </test-method> <!-- Exit -->
      </class> <!-- Bassclass.Setup -->
    </test> <!-- Test -->
  </suite> <!-- Suite -->
</testng-results>
